{"C:\\Users\\adria\\OneDrive\\Documentos\\Full Stack Node.js React TS NestJS Next.js Creando Proyectos\\CashTracker\\backend\\src\\config\\nodemailer.ts": {"path":"C:\\Users\\adria\\OneDrive\\Documentos\\Full Stack Node.js React TS NestJS Next.js Creando Proyectos\\CashTracker\\backend\\src\\config\\nodemailer.ts","statementMap":{"0":{"start":{"line":1,"column":0},"end":{"line":1,"column":35}},"1":{"start":{"line":2,"column":0},"end":{"line":2,"column":22}},"2":{"start":{"line":4,"column":15},"end":{"line":13,"column":1}},"3":{"start":{"line":5,"column":4},"end":{"line":12,"column":null}},"4":{"start":{"line":15,"column":13},"end":{"line":15,"column":62}}},"fnMap":{"0":{"name":"(anonymous_1)","decl":{"start":{"line":4,"column":15},"end":{"line":4,"column":18}},"loc":{"start":{"line":4,"column":20},"end":{"line":13,"column":1}}}},"branchMap":{},"s":{"0":1,"1":1,"2":1,"3":1,"4":1},"f":{"0":1},"b":{}}
,"C:\\Users\\adria\\OneDrive\\Documentos\\Full Stack Node.js React TS NestJS Next.js Creando Proyectos\\CashTracker\\backend\\src\\controllers\\AuthController.ts": {"path":"C:\\Users\\adria\\OneDrive\\Documentos\\Full Stack Node.js React TS NestJS Next.js Creando Proyectos\\CashTracker\\backend\\src\\controllers\\AuthController.ts","statementMap":{"0":{"start":{"line":2,"column":0},"end":{"line":2,"column":34}},"1":{"start":{"line":3,"column":0},"end":{"line":3,"column":62}},"2":{"start":{"line":4,"column":0},"end":{"line":4,"column":47}},"3":{"start":{"line":5,"column":0},"end":{"line":5,"column":44}},"4":{"start":{"line":6,"column":0},"end":{"line":6,"column":43}},"5":{"start":{"line":11,"column":27},"end":{"line":40,"column":5}},"6":{"start":{"line":13,"column":36},"end":{"line":13,"column":44}},"7":{"start":{"line":15,"column":27},"end":{"line":15,"column":67}},"8":{"start":{"line":16,"column":8},"end":{"line":20,"column":9}},"9":{"start":{"line":17,"column":26},"end":{"line":17,"column":67}},"10":{"start":{"line":18,"column":12},"end":{"line":18,"column":null}},"11":{"start":{"line":19,"column":12},"end":{"line":19,"column":18}},"12":{"start":{"line":22,"column":8},"end":{"line":39,"column":9}},"13":{"start":{"line":23,"column":25},"end":{"line":23,"column":52}},"14":{"start":{"line":24,"column":12},"end":{"line":24,"column":null}},"15":{"start":{"line":25,"column":12},"end":{"line":25,"column":null}},"16":{"start":{"line":27,"column":12},"end":{"line":31,"column":null}},"17":{"start":{"line":33,"column":12},"end":{"line":33,"column":null}},"18":{"start":{"line":34,"column":12},"end":{"line":34,"column":null}},"19":{"start":{"line":37,"column":12},"end":{"line":37,"column":null}},"20":{"start":{"line":38,"column":12},"end":{"line":38,"column":null}},"21":{"start":{"line":42,"column":28},"end":{"line":57,"column":5}},"22":{"start":{"line":44,"column":26},"end":{"line":44,"column":34}},"23":{"start":{"line":45,"column":21},"end":{"line":45,"column":61}},"24":{"start":{"line":47,"column":8},"end":{"line":51,"column":9}},"25":{"start":{"line":48,"column":26},"end":{"line":48,"column":54}},"26":{"start":{"line":49,"column":12},"end":{"line":49,"column":null}},"27":{"start":{"line":50,"column":12},"end":{"line":50,"column":18}},"28":{"start":{"line":53,"column":8},"end":{"line":53,"column":null}},"29":{"start":{"line":54,"column":8},"end":{"line":54,"column":null}},"30":{"start":{"line":55,"column":8},"end":{"line":55,"column":null}},"31":{"start":{"line":56,"column":8},"end":{"line":56,"column":null}},"32":{"start":{"line":59,"column":19},"end":{"line":85,"column":5}},"33":{"start":{"line":61,"column":36},"end":{"line":61,"column":44}},"34":{"start":{"line":63,"column":21},"end":{"line":63,"column":61}},"35":{"start":{"line":64,"column":8},"end":{"line":68,"column":9}},"36":{"start":{"line":65,"column":26},"end":{"line":65,"column":59}},"37":{"start":{"line":66,"column":12},"end":{"line":66,"column":null}},"38":{"start":{"line":67,"column":12},"end":{"line":67,"column":18}},"39":{"start":{"line":70,"column":8},"end":{"line":74,"column":9}},"40":{"start":{"line":71,"column":26},"end":{"line":71,"column":76}},"41":{"start":{"line":72,"column":12},"end":{"line":72,"column":null}},"42":{"start":{"line":73,"column":12},"end":{"line":73,"column":18}},"43":{"start":{"line":76,"column":34},"end":{"line":76,"column":78}},"44":{"start":{"line":77,"column":8},"end":{"line":81,"column":9}},"45":{"start":{"line":78,"column":26},"end":{"line":78,"column":60}},"46":{"start":{"line":79,"column":12},"end":{"line":79,"column":null}},"47":{"start":{"line":80,"column":12},"end":{"line":80,"column":18}},"48":{"start":{"line":83,"column":20},"end":{"line":83,"column":40}},"49":{"start":{"line":84,"column":8},"end":{"line":84,"column":null}},"50":{"start":{"line":87,"column":28},"end":{"line":108,"column":5}},"51":{"start":{"line":89,"column":26},"end":{"line":89,"column":34}},"52":{"start":{"line":91,"column":21},"end":{"line":91,"column":61}},"53":{"start":{"line":92,"column":8},"end":{"line":96,"column":9}},"54":{"start":{"line":93,"column":26},"end":{"line":93,"column":59}},"55":{"start":{"line":94,"column":12},"end":{"line":94,"column":null}},"56":{"start":{"line":95,"column":12},"end":{"line":95,"column":18}},"57":{"start":{"line":98,"column":8},"end":{"line":98,"column":null}},"58":{"start":{"line":99,"column":8},"end":{"line":99,"column":null}},"59":{"start":{"line":101,"column":8},"end":{"line":105,"column":null}},"60":{"start":{"line":107,"column":8},"end":{"line":107,"column":null}},"61":{"start":{"line":110,"column":27},"end":{"line":120,"column":5}},"62":{"start":{"line":111,"column":24},"end":{"line":111,"column":32}},"63":{"start":{"line":113,"column":28},"end":{"line":113,"column":64}},"64":{"start":{"line":114,"column":8},"end":{"line":118,"column":9}},"65":{"start":{"line":115,"column":26},"end":{"line":115,"column":60}},"66":{"start":{"line":116,"column":12},"end":{"line":116,"column":null}},"67":{"start":{"line":117,"column":12},"end":{"line":117,"column":18}},"68":{"start":{"line":119,"column":8},"end":{"line":119,"column":null}},"69":{"start":{"line":122,"column":37},"end":{"line":137,"column":5}},"70":{"start":{"line":123,"column":24},"end":{"line":123,"column":34}},"71":{"start":{"line":124,"column":27},"end":{"line":124,"column":35}},"72":{"start":{"line":126,"column":21},"end":{"line":126,"column":57}},"73":{"start":{"line":127,"column":8},"end":{"line":131,"column":9}},"74":{"start":{"line":128,"column":26},"end":{"line":128,"column":60}},"75":{"start":{"line":129,"column":12},"end":{"line":129,"column":null}},"76":{"start":{"line":130,"column":12},"end":{"line":130,"column":18}},"77":{"start":{"line":133,"column":8},"end":{"line":133,"column":null}},"78":{"start":{"line":134,"column":8},"end":{"line":134,"column":null}},"79":{"start":{"line":135,"column":8},"end":{"line":135,"column":null}},"80":{"start":{"line":136,"column":8},"end":{"line":136,"column":null}},"81":{"start":{"line":139,"column":22},"end":{"line":141,"column":5}},"82":{"start":{"line":140,"column":8},"end":{"line":140,"column":null}},"83":{"start":{"line":143,"column":40},"end":{"line":163,"column":5}},"84":{"start":{"line":144,"column":45},"end":{"line":144,"column":53}},"85":{"start":{"line":145,"column":21},"end":{"line":145,"column":53}},"86":{"start":{"line":147,"column":8},"end":{"line":151,"column":9}},"87":{"start":{"line":148,"column":26},"end":{"line":148,"column":59}},"88":{"start":{"line":149,"column":12},"end":{"line":149,"column":null}},"89":{"start":{"line":150,"column":12},"end":{"line":150,"column":18}},"90":{"start":{"line":153,"column":34},"end":{"line":153,"column":86}},"91":{"start":{"line":154,"column":8},"end":{"line":158,"column":9}},"92":{"start":{"line":155,"column":26},"end":{"line":155,"column":60}},"93":{"start":{"line":156,"column":12},"end":{"line":156,"column":null}},"94":{"start":{"line":157,"column":12},"end":{"line":157,"column":18}},"95":{"start":{"line":160,"column":8},"end":{"line":160,"column":null}},"96":{"start":{"line":161,"column":8},"end":{"line":161,"column":null}},"97":{"start":{"line":162,"column":8},"end":{"line":162,"column":null}},"98":{"start":{"line":166,"column":28},"end":{"line":184,"column":5}},"99":{"start":{"line":167,"column":27},"end":{"line":167,"column":35}},"100":{"start":{"line":168,"column":21},"end":{"line":168,"column":53}},"101":{"start":{"line":170,"column":8},"end":{"line":174,"column":9}},"102":{"start":{"line":171,"column":26},"end":{"line":171,"column":59}},"103":{"start":{"line":172,"column":12},"end":{"line":172,"column":null}},"104":{"start":{"line":173,"column":12},"end":{"line":173,"column":18}},"105":{"start":{"line":176,"column":34},"end":{"line":176,"column":78}},"106":{"start":{"line":177,"column":8},"end":{"line":181,"column":9}},"107":{"start":{"line":178,"column":26},"end":{"line":178,"column":60}},"108":{"start":{"line":179,"column":12},"end":{"line":179,"column":null}},"109":{"start":{"line":180,"column":12},"end":{"line":180,"column":18}},"110":{"start":{"line":183,"column":8},"end":{"line":183,"column":null}},"111":{"start":{"line":188,"column":0},"end":{"line":188,"column":null}}},"fnMap":{"0":{"name":"(anonymous_1)","decl":{"start":{"line":11,"column":27},"end":{"line":11,"column":32}},"loc":{"start":{"line":11,"column":65},"end":{"line":40,"column":5}}},"1":{"name":"(anonymous_2)","decl":{"start":{"line":42,"column":28},"end":{"line":42,"column":33}},"loc":{"start":{"line":42,"column":66},"end":{"line":57,"column":5}}},"2":{"name":"(anonymous_3)","decl":{"start":{"line":59,"column":19},"end":{"line":59,"column":24}},"loc":{"start":{"line":59,"column":57},"end":{"line":85,"column":5}}},"3":{"name":"(anonymous_4)","decl":{"start":{"line":87,"column":28},"end":{"line":87,"column":33}},"loc":{"start":{"line":87,"column":66},"end":{"line":108,"column":5}}},"4":{"name":"(anonymous_5)","decl":{"start":{"line":110,"column":27},"end":{"line":110,"column":32}},"loc":{"start":{"line":110,"column":65},"end":{"line":120,"column":5}}},"5":{"name":"(anonymous_6)","decl":{"start":{"line":122,"column":37},"end":{"line":122,"column":42}},"loc":{"start":{"line":122,"column":75},"end":{"line":137,"column":5}}},"6":{"name":"(anonymous_7)","decl":{"start":{"line":139,"column":22},"end":{"line":139,"column":27}},"loc":{"start":{"line":139,"column":60},"end":{"line":141,"column":5}}},"7":{"name":"(anonymous_8)","decl":{"start":{"line":143,"column":40},"end":{"line":143,"column":45}},"loc":{"start":{"line":143,"column":78},"end":{"line":163,"column":5}}},"8":{"name":"(anonymous_9)","decl":{"start":{"line":166,"column":28},"end":{"line":166,"column":33}},"loc":{"start":{"line":166,"column":66},"end":{"line":184,"column":5}}}},"branchMap":{"0":{"loc":{"start":{"line":16,"column":8},"end":{"line":20,"column":9}},"type":"if","locations":[{"start":{"line":16,"column":8},"end":{"line":20,"column":9}}]},"1":{"loc":{"start":{"line":47,"column":8},"end":{"line":51,"column":9}},"type":"if","locations":[{"start":{"line":47,"column":8},"end":{"line":51,"column":9}}]},"2":{"loc":{"start":{"line":64,"column":8},"end":{"line":68,"column":9}},"type":"if","locations":[{"start":{"line":64,"column":8},"end":{"line":68,"column":9}}]},"3":{"loc":{"start":{"line":70,"column":8},"end":{"line":74,"column":9}},"type":"if","locations":[{"start":{"line":70,"column":8},"end":{"line":74,"column":9}}]},"4":{"loc":{"start":{"line":77,"column":8},"end":{"line":81,"column":9}},"type":"if","locations":[{"start":{"line":77,"column":8},"end":{"line":81,"column":9}}]},"5":{"loc":{"start":{"line":92,"column":8},"end":{"line":96,"column":9}},"type":"if","locations":[{"start":{"line":92,"column":8},"end":{"line":96,"column":9}}]},"6":{"loc":{"start":{"line":114,"column":8},"end":{"line":118,"column":9}},"type":"if","locations":[{"start":{"line":114,"column":8},"end":{"line":118,"column":9}}]},"7":{"loc":{"start":{"line":127,"column":8},"end":{"line":131,"column":9}},"type":"if","locations":[{"start":{"line":127,"column":8},"end":{"line":131,"column":9}}]},"8":{"loc":{"start":{"line":147,"column":8},"end":{"line":151,"column":9}},"type":"if","locations":[{"start":{"line":147,"column":8},"end":{"line":151,"column":9}}]},"9":{"loc":{"start":{"line":154,"column":8},"end":{"line":158,"column":9}},"type":"if","locations":[{"start":{"line":154,"column":8},"end":{"line":158,"column":9}}]},"10":{"loc":{"start":{"line":170,"column":8},"end":{"line":174,"column":9}},"type":"if","locations":[{"start":{"line":170,"column":8},"end":{"line":174,"column":9}}]},"11":{"loc":{"start":{"line":177,"column":8},"end":{"line":181,"column":9}},"type":"if","locations":[{"start":{"line":177,"column":8},"end":{"line":181,"column":9}}]}},"s":{"0":1,"1":1,"2":1,"3":1,"4":1,"5":1,"6":2,"7":2,"8":2,"9":1,"10":1,"11":1,"12":1,"13":1,"14":1,"15":1,"16":1,"17":1,"18":1,"19":0,"20":0,"21":1,"22":0,"23":0,"24":0,"25":0,"26":0,"27":0,"28":0,"29":0,"30":0,"31":0,"32":1,"33":3,"34":3,"35":3,"36":1,"37":1,"38":1,"39":2,"40":1,"41":1,"42":1,"43":1,"44":1,"45":0,"46":0,"47":0,"48":1,"49":1,"50":1,"51":0,"52":0,"53":0,"54":0,"55":0,"56":0,"57":0,"58":0,"59":0,"60":0,"61":1,"62":0,"63":0,"64":0,"65":0,"66":0,"67":0,"68":0,"69":1,"70":0,"71":0,"72":0,"73":0,"74":0,"75":0,"76":0,"77":0,"78":0,"79":0,"80":0,"81":1,"82":0,"83":1,"84":0,"85":0,"86":0,"87":0,"88":0,"89":0,"90":0,"91":0,"92":0,"93":0,"94":0,"95":0,"96":0,"97":0,"98":1,"99":0,"100":0,"101":0,"102":0,"103":0,"104":0,"105":0,"106":0,"107":0,"108":0,"109":0,"110":0,"111":1},"f":{"0":2,"1":0,"2":3,"3":0,"4":0,"5":0,"6":0,"7":0,"8":0},"b":{"0":[1],"1":[0],"2":[1],"3":[1],"4":[0],"5":[0],"6":[0],"7":[0],"8":[0],"9":[0],"10":[0],"11":[0]}}
,"C:\\Users\\adria\\OneDrive\\Documentos\\Full Stack Node.js React TS NestJS Next.js Creando Proyectos\\CashTracker\\backend\\src\\controllers\\BudgetController.ts": {"path":"C:\\Users\\adria\\OneDrive\\Documentos\\Full Stack Node.js React TS NestJS Next.js Creando Proyectos\\CashTracker\\backend\\src\\controllers\\BudgetController.ts","statementMap":{"0":{"start":{"line":2,"column":0},"end":{"line":2,"column":38}},"1":{"start":{"line":3,"column":0},"end":{"line":3,"column":40}},"2":{"start":{"line":7,"column":20},"end":{"line":22,"column":5}},"3":{"start":{"line":8,"column":8},"end":{"line":21,"column":9}},"4":{"start":{"line":9,"column":28},"end":{"line":16,"column":14}},"5":{"start":{"line":17,"column":12},"end":{"line":17,"column":null}},"6":{"start":{"line":20,"column":12},"end":{"line":20,"column":null}},"7":{"start":{"line":24,"column":20},"end":{"line":35,"column":5}},"8":{"start":{"line":25,"column":8},"end":{"line":34,"column":9}},"9":{"start":{"line":26,"column":27},"end":{"line":26,"column":56}},"10":{"start":{"line":27,"column":12},"end":{"line":27,"column":null}},"11":{"start":{"line":28,"column":12},"end":{"line":28,"column":null}},"12":{"start":{"line":29,"column":12},"end":{"line":29,"column":null}},"13":{"start":{"line":33,"column":12},"end":{"line":33,"column":null}},"14":{"start":{"line":37,"column":21},"end":{"line":42,"column":5}},"15":{"start":{"line":38,"column":23},"end":{"line":40,"column":10}},"16":{"start":{"line":41,"column":8},"end":{"line":41,"column":null}},"17":{"start":{"line":44,"column":24},"end":{"line":47,"column":5}},"18":{"start":{"line":45,"column":8},"end":{"line":45,"column":null}},"19":{"start":{"line":46,"column":8},"end":{"line":46,"column":null}},"20":{"start":{"line":49,"column":24},"end":{"line":52,"column":5}},"21":{"start":{"line":50,"column":8},"end":{"line":50,"column":null}},"22":{"start":{"line":51,"column":8},"end":{"line":51,"column":null}},"23":{"start":{"line":55,"column":0},"end":{"line":55,"column":null}}},"fnMap":{"0":{"name":"(anonymous_1)","decl":{"start":{"line":7,"column":20},"end":{"line":7,"column":25}},"loc":{"start":{"line":7,"column":58},"end":{"line":22,"column":5}}},"1":{"name":"(anonymous_2)","decl":{"start":{"line":24,"column":20},"end":{"line":24,"column":25}},"loc":{"start":{"line":24,"column":58},"end":{"line":35,"column":5}}},"2":{"name":"(anonymous_3)","decl":{"start":{"line":37,"column":21},"end":{"line":37,"column":26}},"loc":{"start":{"line":37,"column":59},"end":{"line":42,"column":5}}},"3":{"name":"(anonymous_4)","decl":{"start":{"line":44,"column":24},"end":{"line":44,"column":29}},"loc":{"start":{"line":44,"column":62},"end":{"line":47,"column":5}}},"4":{"name":"(anonymous_5)","decl":{"start":{"line":49,"column":24},"end":{"line":49,"column":29}},"loc":{"start":{"line":49,"column":62},"end":{"line":52,"column":5}}}},"branchMap":{},"s":{"0":1,"1":1,"2":1,"3":4,"4":4,"5":3,"6":1,"7":1,"8":2,"9":2,"10":1,"11":1,"12":1,"13":1,"14":1,"15":3,"16":3,"17":1,"18":1,"19":1,"20":1,"21":1,"22":1,"23":1},"f":{"0":4,"1":2,"2":3,"3":1,"4":1},"b":{}}
,"C:\\Users\\adria\\OneDrive\\Documentos\\Full Stack Node.js React TS NestJS Next.js Creando Proyectos\\CashTracker\\backend\\src\\controllers\\ExpenseController.ts": {"path":"C:\\Users\\adria\\OneDrive\\Documentos\\Full Stack Node.js React TS NestJS Next.js Creando Proyectos\\CashTracker\\backend\\src\\controllers\\ExpenseController.ts","statementMap":{"0":{"start":{"line":2,"column":0},"end":{"line":2,"column":39}},"1":{"start":{"line":7,"column":20},"end":{"line":20,"column":5}},"2":{"start":{"line":8,"column":8},"end":{"line":19,"column":9}},"3":{"start":{"line":10,"column":28},"end":{"line":10,"column":58}},"4":{"start":{"line":11,"column":12},"end":{"line":11,"column":null}},"5":{"start":{"line":12,"column":12},"end":{"line":12,"column":null}},"6":{"start":{"line":14,"column":12},"end":{"line":14,"column":null}},"7":{"start":{"line":17,"column":26},"end":{"line":17,"column":52}},"8":{"start":{"line":18,"column":12},"end":{"line":18,"column":null}},"9":{"start":{"line":22,"column":21},"end":{"line":24,"column":5}},"10":{"start":{"line":23,"column":8},"end":{"line":23,"column":null}},"11":{"start":{"line":26,"column":24},"end":{"line":29,"column":5}},"12":{"start":{"line":27,"column":8},"end":{"line":27,"column":null}},"13":{"start":{"line":28,"column":8},"end":{"line":28,"column":null}},"14":{"start":{"line":31,"column":24},"end":{"line":34,"column":5}},"15":{"start":{"line":32,"column":8},"end":{"line":32,"column":null}},"16":{"start":{"line":33,"column":8},"end":{"line":33,"column":null}},"17":{"start":{"line":4,"column":0},"end":{"line":4,"column":13}}},"fnMap":{"0":{"name":"(anonymous_1)","decl":{"start":{"line":7,"column":20},"end":{"line":7,"column":25}},"loc":{"start":{"line":7,"column":58},"end":{"line":20,"column":5}}},"1":{"name":"(anonymous_2)","decl":{"start":{"line":22,"column":21},"end":{"line":22,"column":26}},"loc":{"start":{"line":22,"column":59},"end":{"line":24,"column":5}}},"2":{"name":"(anonymous_3)","decl":{"start":{"line":26,"column":24},"end":{"line":26,"column":29}},"loc":{"start":{"line":26,"column":62},"end":{"line":29,"column":5}}},"3":{"name":"(anonymous_4)","decl":{"start":{"line":31,"column":24},"end":{"line":31,"column":29}},"loc":{"start":{"line":31,"column":62},"end":{"line":34,"column":5}}}},"branchMap":{},"s":{"0":1,"1":1,"2":2,"3":2,"4":1,"5":1,"6":1,"7":1,"8":1,"9":1,"10":1,"11":1,"12":1,"13":1,"14":1,"15":1,"16":1,"17":1},"f":{"0":2,"1":1,"2":1,"3":1},"b":{}}
,"C:\\Users\\adria\\OneDrive\\Documentos\\Full Stack Node.js React TS NestJS Next.js Creando Proyectos\\CashTracker\\backend\\src\\emails\\AuthEmail.ts": {"path":"C:\\Users\\adria\\OneDrive\\Documentos\\Full Stack Node.js React TS NestJS Next.js Creando Proyectos\\CashTracker\\backend\\src\\emails\\AuthEmail.ts","statementMap":{"0":{"start":{"line":1,"column":0},"end":{"line":1,"column":48}},"1":{"start":{"line":10,"column":38},"end":{"line":22,"column":5}},"2":{"start":{"line":11,"column":8},"end":{"line":21,"column":null}},"3":{"start":{"line":23,"column":28},"end":{"line":35,"column":5}},"4":{"start":{"line":24,"column":8},"end":{"line":34,"column":null}},"5":{"start":{"line":38,"column":0},"end":{"line":38,"column":null}}},"fnMap":{"0":{"name":"(anonymous_0)","decl":{"start":{"line":10,"column":38},"end":{"line":10,"column":43}},"loc":{"start":{"line":10,"column":76},"end":{"line":22,"column":5}}},"1":{"name":"(anonymous_1)","decl":{"start":{"line":23,"column":28},"end":{"line":23,"column":33}},"loc":{"start":{"line":23,"column":66},"end":{"line":35,"column":5}}}},"branchMap":{},"s":{"0":1,"1":1,"2":0,"3":1,"4":0,"5":1},"f":{"0":0,"1":0},"b":{}}
,"C:\\Users\\adria\\OneDrive\\Documentos\\Full Stack Node.js React TS NestJS Next.js Creando Proyectos\\CashTracker\\backend\\src\\middlewares\\budget.ts": {"path":"C:\\Users\\adria\\OneDrive\\Documentos\\Full Stack Node.js React TS NestJS Next.js Creando Proyectos\\CashTracker\\backend\\src\\middlewares\\budget.ts","statementMap":{"0":{"start":{"line":2,"column":0},"end":{"line":2,"column":66}},"1":{"start":{"line":3,"column":0},"end":{"line":3,"column":38}},"2":{"start":{"line":5,"column":26},"end":{"line":22,"column":1}},"3":{"start":{"line":7,"column":4},"end":{"line":12,"column":null}},"4":{"start":{"line":10,"column":26},"end":{"line":10,"column":35}},"5":{"start":{"line":14,"column":17},"end":{"line":14,"column":38}},"6":{"start":{"line":16,"column":4},"end":{"line":19,"column":5}},"7":{"start":{"line":17,"column":8},"end":{"line":17,"column":null}},"8":{"start":{"line":18,"column":8},"end":{"line":18,"column":14}},"9":{"start":{"line":21,"column":4},"end":{"line":21,"column":null}},"10":{"start":{"line":5,"column":13},"end":{"line":5,"column":26}},"11":{"start":{"line":32,"column":36},"end":{"line":48,"column":1}},"12":{"start":{"line":33,"column":4},"end":{"line":47,"column":5}},"13":{"start":{"line":34,"column":29},"end":{"line":34,"column":39}},"14":{"start":{"line":35,"column":23},"end":{"line":35,"column":54}},"15":{"start":{"line":37,"column":8},"end":{"line":41,"column":9}},"16":{"start":{"line":38,"column":26},"end":{"line":38,"column":74}},"17":{"start":{"line":39,"column":12},"end":{"line":39,"column":null}},"18":{"start":{"line":40,"column":12},"end":{"line":40,"column":18}},"19":{"start":{"line":42,"column":8},"end":{"line":42,"column":null}},"20":{"start":{"line":43,"column":8},"end":{"line":43,"column":null}},"21":{"start":{"line":46,"column":8},"end":{"line":46,"column":null}},"22":{"start":{"line":32,"column":13},"end":{"line":32,"column":36}},"23":{"start":{"line":50,"column":36},"end":{"line":64,"column":1}},"24":{"start":{"line":52,"column":4},"end":{"line":54,"column":null}},"25":{"start":{"line":56,"column":4},"end":{"line":60,"column":null}},"26":{"start":{"line":58,"column":25},"end":{"line":58,"column":34}},"27":{"start":{"line":62,"column":4},"end":{"line":62,"column":null}},"28":{"start":{"line":50,"column":13},"end":{"line":50,"column":36}},"29":{"start":{"line":66,"column":25},"end":{"line":73,"column":1}},"30":{"start":{"line":67,"column":4},"end":{"line":71,"column":5}},"31":{"start":{"line":68,"column":22},"end":{"line":68,"column":68}},"32":{"start":{"line":69,"column":8},"end":{"line":69,"column":null}},"33":{"start":{"line":70,"column":8},"end":{"line":70,"column":14}},"34":{"start":{"line":72,"column":4},"end":{"line":72,"column":null}},"35":{"start":{"line":66,"column":13},"end":{"line":66,"column":25}}},"fnMap":{"0":{"name":"(anonymous_1)","decl":{"start":{"line":5,"column":26},"end":{"line":5,"column":31}},"loc":{"start":{"line":5,"column":84},"end":{"line":22,"column":1}}},"1":{"name":"(anonymous_2)","decl":{"start":{"line":10,"column":17},"end":{"line":10,"column":22}},"loc":{"start":{"line":10,"column":26},"end":{"line":10,"column":35}}},"2":{"name":"(anonymous_3)","decl":{"start":{"line":32,"column":36},"end":{"line":32,"column":41}},"loc":{"start":{"line":32,"column":94},"end":{"line":48,"column":1}}},"3":{"name":"(anonymous_4)","decl":{"start":{"line":50,"column":36},"end":{"line":50,"column":41}},"loc":{"start":{"line":50,"column":94},"end":{"line":64,"column":1}}},"4":{"name":"(anonymous_5)","decl":{"start":{"line":58,"column":16},"end":{"line":58,"column":21}},"loc":{"start":{"line":58,"column":25},"end":{"line":58,"column":34}}},"5":{"name":"(anonymous_6)","decl":{"start":{"line":66,"column":25},"end":{"line":66,"column":30}},"loc":{"start":{"line":66,"column":83},"end":{"line":73,"column":1}}}},"branchMap":{"0":{"loc":{"start":{"line":16,"column":4},"end":{"line":19,"column":5}},"type":"if","locations":[{"start":{"line":16,"column":4},"end":{"line":19,"column":5}}]},"1":{"loc":{"start":{"line":37,"column":8},"end":{"line":41,"column":9}},"type":"if","locations":[{"start":{"line":37,"column":8},"end":{"line":41,"column":9}}]},"2":{"loc":{"start":{"line":67,"column":4},"end":{"line":71,"column":5}},"type":"if","locations":[{"start":{"line":67,"column":4},"end":{"line":71,"column":5}}]}},"s":{"0":2,"1":2,"2":2,"3":0,"4":0,"5":0,"6":0,"7":0,"8":0,"9":0,"10":2,"11":2,"12":3,"13":3,"14":3,"15":2,"16":1,"17":1,"18":1,"19":1,"20":1,"21":1,"22":2,"23":2,"24":0,"25":0,"26":0,"27":0,"28":2,"29":2,"30":3,"31":2,"32":2,"33":2,"34":1,"35":2},"f":{"0":0,"1":0,"2":3,"3":0,"4":0,"5":3},"b":{"0":[0],"1":[1],"2":[2]}}
,"C:\\Users\\adria\\OneDrive\\Documentos\\Full Stack Node.js React TS NestJS Next.js Creando Proyectos\\CashTracker\\backend\\src\\middlewares\\expenses.ts": {"path":"C:\\Users\\adria\\OneDrive\\Documentos\\Full Stack Node.js React TS NestJS Next.js Creando Proyectos\\CashTracker\\backend\\src\\middlewares\\expenses.ts","statementMap":{"0":{"start":{"line":2,"column":0},"end":{"line":2,"column":65}},"1":{"start":{"line":3,"column":0},"end":{"line":3,"column":39}},"2":{"start":{"line":6,"column":33},"end":{"line":23,"column":1}},"3":{"start":{"line":8,"column":4},"end":{"line":13,"column":null}},"4":{"start":{"line":11,"column":26},"end":{"line":11,"column":35}},"5":{"start":{"line":15,"column":17},"end":{"line":15,"column":38}},"6":{"start":{"line":17,"column":4},"end":{"line":20,"column":5}},"7":{"start":{"line":18,"column":8},"end":{"line":18,"column":null}},"8":{"start":{"line":19,"column":8},"end":{"line":19,"column":14}},"9":{"start":{"line":22,"column":4},"end":{"line":22,"column":null}},"10":{"start":{"line":6,"column":13},"end":{"line":6,"column":33}},"11":{"start":{"line":25,"column":37},"end":{"line":39,"column":1}},"12":{"start":{"line":27,"column":4},"end":{"line":29,"column":null}},"13":{"start":{"line":31,"column":4},"end":{"line":35,"column":null}},"14":{"start":{"line":33,"column":25},"end":{"line":33,"column":34}},"15":{"start":{"line":37,"column":4},"end":{"line":37,"column":null}},"16":{"start":{"line":25,"column":13},"end":{"line":25,"column":37}},"17":{"start":{"line":49,"column":37},"end":{"line":67,"column":1}},"18":{"start":{"line":50,"column":4},"end":{"line":66,"column":5}},"19":{"start":{"line":51,"column":30},"end":{"line":51,"column":40}},"20":{"start":{"line":52,"column":24},"end":{"line":52,"column":57}},"21":{"start":{"line":54,"column":8},"end":{"line":58,"column":9}},"22":{"start":{"line":55,"column":26},"end":{"line":55,"column":68}},"23":{"start":{"line":56,"column":12},"end":{"line":56,"column":null}},"24":{"start":{"line":57,"column":12},"end":{"line":57,"column":18}},"25":{"start":{"line":60,"column":8},"end":{"line":60,"column":null}},"26":{"start":{"line":61,"column":8},"end":{"line":61,"column":null}},"27":{"start":{"line":65,"column":8},"end":{"line":65,"column":null}},"28":{"start":{"line":49,"column":13},"end":{"line":49,"column":37}}},"fnMap":{"0":{"name":"(anonymous_1)","decl":{"start":{"line":6,"column":33},"end":{"line":6,"column":38}},"loc":{"start":{"line":6,"column":91},"end":{"line":23,"column":1}}},"1":{"name":"(anonymous_2)","decl":{"start":{"line":11,"column":17},"end":{"line":11,"column":22}},"loc":{"start":{"line":11,"column":26},"end":{"line":11,"column":35}}},"2":{"name":"(anonymous_3)","decl":{"start":{"line":25,"column":37},"end":{"line":25,"column":42}},"loc":{"start":{"line":25,"column":95},"end":{"line":39,"column":1}}},"3":{"name":"(anonymous_4)","decl":{"start":{"line":33,"column":16},"end":{"line":33,"column":21}},"loc":{"start":{"line":33,"column":25},"end":{"line":33,"column":34}}},"4":{"name":"(anonymous_5)","decl":{"start":{"line":49,"column":37},"end":{"line":49,"column":42}},"loc":{"start":{"line":49,"column":95},"end":{"line":67,"column":1}}}},"branchMap":{"0":{"loc":{"start":{"line":17,"column":4},"end":{"line":20,"column":5}},"type":"if","locations":[{"start":{"line":17,"column":4},"end":{"line":20,"column":5}}]},"1":{"loc":{"start":{"line":54,"column":8},"end":{"line":58,"column":9}},"type":"if","locations":[{"start":{"line":54,"column":8},"end":{"line":58,"column":9}}]}},"s":{"0":1,"1":1,"2":1,"3":0,"4":0,"5":0,"6":0,"7":0,"8":0,"9":0,"10":1,"11":1,"12":0,"13":0,"14":0,"15":0,"16":1,"17":1,"18":3,"19":3,"20":3,"21":2,"22":1,"23":1,"24":1,"25":1,"26":1,"27":1,"28":1},"f":{"0":0,"1":0,"2":0,"3":0,"4":3},"b":{"0":[0],"1":[1]}}
,"C:\\Users\\adria\\OneDrive\\Documentos\\Full Stack Node.js React TS NestJS Next.js Creando Proyectos\\CashTracker\\backend\\src\\models\\Budget.ts": {"path":"C:\\Users\\adria\\OneDrive\\Documentos\\Full Stack Node.js React TS NestJS Next.js Creando Proyectos\\CashTracker\\backend\\src\\models\\Budget.ts","statementMap":{"0":{"start":{"line":2,"column":0},"end":{"line":2,"column":101}},"1":{"start":{"line":3,"column":0},"end":{"line":3,"column":31}},"2":{"start":{"line":4,"column":0},"end":{"line":4,"column":25}},"3":{"start":{"line":10,"column":0},"end":{"line":32,"column":null}},"4":{"start":{"line":14,"column":12},"end":{"line":14,"column":null}},"5":{"start":{"line":19,"column":12},"end":{"line":19,"column":null}},"6":{"start":{"line":25,"column":12},"end":{"line":25,"column":null}},"7":{"start":{"line":21,"column":20},"end":{"line":21,"column":27}},"8":{"start":{"line":28,"column":13},"end":{"line":28,"column":null}},"9":{"start":{"line":27,"column":23},"end":{"line":27,"column":27}},"10":{"start":{"line":31,"column":12},"end":{"line":31,"column":null}},"11":{"start":{"line":30,"column":22},"end":{"line":30,"column":26}},"12":{"start":{"line":10,"column":6},"end":{"line":32,"column":null}},"13":{"start":{"line":34,"column":0},"end":{"line":34,"column":null}}},"fnMap":{"0":{"name":"(anonymous_3)","decl":{"start":{"line":21,"column":14},"end":{"line":21,"column":17}},"loc":{"start":{"line":21,"column":20},"end":{"line":21,"column":27}}},"1":{"name":"(anonymous_4)","decl":{"start":{"line":27,"column":17},"end":{"line":27,"column":20}},"loc":{"start":{"line":27,"column":23},"end":{"line":27,"column":27}}},"2":{"name":"(anonymous_5)","decl":{"start":{"line":30,"column":16},"end":{"line":30,"column":19}},"loc":{"start":{"line":30,"column":22},"end":{"line":30,"column":26}}}},"branchMap":{},"s":{"0":2,"1":2,"2":2,"3":2,"4":2,"5":2,"6":2,"7":0,"8":2,"9":0,"10":2,"11":0,"12":2,"13":2},"f":{"0":0,"1":0,"2":0},"b":{}}
,"C:\\Users\\adria\\OneDrive\\Documentos\\Full Stack Node.js React TS NestJS Next.js Creando Proyectos\\CashTracker\\backend\\src\\models\\Expense.ts": {"path":"C:\\Users\\adria\\OneDrive\\Documentos\\Full Stack Node.js React TS NestJS Next.js Creando Proyectos\\CashTracker\\backend\\src\\models\\Expense.ts","statementMap":{"0":{"start":{"line":1,"column":0},"end":{"line":1,"column":103}},"1":{"start":{"line":2,"column":0},"end":{"line":2,"column":29}},"2":{"start":{"line":8,"column":0},"end":{"line":26,"column":null}},"3":{"start":{"line":13,"column":12},"end":{"line":13,"column":null}},"4":{"start":{"line":19,"column":12},"end":{"line":19,"column":null}},"5":{"start":{"line":22,"column":12},"end":{"line":22,"column":null}},"6":{"start":{"line":21,"column":23},"end":{"line":21,"column":29}},"7":{"start":{"line":25,"column":12},"end":{"line":25,"column":null}},"8":{"start":{"line":24,"column":22},"end":{"line":24,"column":28}},"9":{"start":{"line":8,"column":6},"end":{"line":26,"column":null}},"10":{"start":{"line":28,"column":0},"end":{"line":28,"column":null}}},"fnMap":{"0":{"name":"(anonymous_3)","decl":{"start":{"line":21,"column":17},"end":{"line":21,"column":20}},"loc":{"start":{"line":21,"column":23},"end":{"line":21,"column":29}}},"1":{"name":"(anonymous_4)","decl":{"start":{"line":24,"column":16},"end":{"line":24,"column":19}},"loc":{"start":{"line":24,"column":22},"end":{"line":24,"column":28}}}},"branchMap":{},"s":{"0":2,"1":2,"2":2,"3":2,"4":2,"5":2,"6":0,"7":2,"8":0,"9":2,"10":2},"f":{"0":0,"1":0},"b":{}}
,"C:\\Users\\adria\\OneDrive\\Documentos\\Full Stack Node.js React TS NestJS Next.js Creando Proyectos\\CashTracker\\backend\\src\\models\\User.ts": {"path":"C:\\Users\\adria\\OneDrive\\Documentos\\Full Stack Node.js React TS NestJS Next.js Creando Proyectos\\CashTracker\\backend\\src\\models\\User.ts","statementMap":{"0":{"start":{"line":1,"column":0},"end":{"line":1,"column":108}},"1":{"start":{"line":2,"column":0},"end":{"line":2,"column":30}},"2":{"start":{"line":8,"column":0},"end":{"line":45,"column":null}},"3":{"start":{"line":14,"column":12},"end":{"line":14,"column":null}},"4":{"start":{"line":20,"column":12},"end":{"line":20,"column":null}},"5":{"start":{"line":27,"column":12},"end":{"line":27,"column":null}},"6":{"start":{"line":32,"column":12},"end":{"line":32,"column":null}},"7":{"start":{"line":38,"column":12},"end":{"line":38,"column":null}},"8":{"start":{"line":44,"column":12},"end":{"line":44,"column":null}},"9":{"start":{"line":40,"column":20},"end":{"line":40,"column":26}},"10":{"start":{"line":8,"column":6},"end":{"line":45,"column":null}},"11":{"start":{"line":47,"column":0},"end":{"line":47,"column":null}}},"fnMap":{"0":{"name":"(anonymous_3)","decl":{"start":{"line":40,"column":14},"end":{"line":40,"column":17}},"loc":{"start":{"line":40,"column":20},"end":{"line":40,"column":26}}}},"branchMap":{},"s":{"0":2,"1":2,"2":2,"3":2,"4":2,"5":2,"6":2,"7":2,"8":2,"9":0,"10":2,"11":2},"f":{"0":0},"b":{}}
,"C:\\Users\\adria\\OneDrive\\Documentos\\Full Stack Node.js React TS NestJS Next.js Creando Proyectos\\CashTracker\\backend\\src\\test\\mocks\\budget.ts": {"path":"C:\\Users\\adria\\OneDrive\\Documentos\\Full Stack Node.js React TS NestJS Next.js Creando Proyectos\\CashTracker\\backend\\src\\test\\mocks\\budget.ts","statementMap":{"0":{"start":{"line":1,"column":13},"end":{"line":71,"column":2}}},"fnMap":{},"branchMap":{},"s":{"0":3},"f":{},"b":{}}
,"C:\\Users\\adria\\OneDrive\\Documentos\\Full Stack Node.js React TS NestJS Next.js Creando Proyectos\\CashTracker\\backend\\src\\test\\mocks\\expenses.ts": {"path":"C:\\Users\\adria\\OneDrive\\Documentos\\Full Stack Node.js React TS NestJS Next.js Creando Proyectos\\CashTracker\\backend\\src\\test\\mocks\\expenses.ts","statementMap":{"0":{"start":{"line":1,"column":13},"end":{"line":26,"column":null}}},"fnMap":{},"branchMap":{},"s":{"0":2},"f":{},"b":{}}
,"C:\\Users\\adria\\OneDrive\\Documentos\\Full Stack Node.js React TS NestJS Next.js Creando Proyectos\\CashTracker\\backend\\src\\utils\\bcrypt.ts": {"path":"C:\\Users\\adria\\OneDrive\\Documentos\\Full Stack Node.js React TS NestJS Next.js Creando Proyectos\\CashTracker\\backend\\src\\utils\\bcrypt.ts","statementMap":{"0":{"start":{"line":1,"column":0},"end":{"line":1,"column":27}},"1":{"start":{"line":3,"column":28},"end":{"line":6,"column":1}},"2":{"start":{"line":4,"column":17},"end":{"line":4,"column":41}},"3":{"start":{"line":5,"column":4},"end":{"line":5,"column":null}},"4":{"start":{"line":3,"column":13},"end":{"line":3,"column":28}},"5":{"start":{"line":8,"column":29},"end":{"line":10,"column":1}},"6":{"start":{"line":9,"column":4},"end":{"line":9,"column":null}},"7":{"start":{"line":8,"column":13},"end":{"line":8,"column":29}}},"fnMap":{"0":{"name":"(anonymous_1)","decl":{"start":{"line":3,"column":28},"end":{"line":3,"column":33}},"loc":{"start":{"line":3,"column":55},"end":{"line":6,"column":1}}},"1":{"name":"(anonymous_2)","decl":{"start":{"line":8,"column":29},"end":{"line":8,"column":34}},"loc":{"start":{"line":8,"column":70},"end":{"line":10,"column":1}}}},"branchMap":{},"s":{"0":1,"1":1,"2":0,"3":0,"4":1,"5":1,"6":0,"7":1},"f":{"0":0,"1":0},"b":{}}
,"C:\\Users\\adria\\OneDrive\\Documentos\\Full Stack Node.js React TS NestJS Next.js Creando Proyectos\\CashTracker\\backend\\src\\utils\\jwt.ts": {"path":"C:\\Users\\adria\\OneDrive\\Documentos\\Full Stack Node.js React TS NestJS Next.js Creando Proyectos\\CashTracker\\backend\\src\\utils\\jwt.ts","statementMap":{"0":{"start":{"line":1,"column":0},"end":{"line":1,"column":30}},"1":{"start":{"line":3,"column":27},"end":{"line":9,"column":1}},"2":{"start":{"line":4,"column":18},"end":{"line":6,"column":6}},"3":{"start":{"line":8,"column":4},"end":{"line":8,"column":null}},"4":{"start":{"line":3,"column":13},"end":{"line":3,"column":27}}},"fnMap":{"0":{"name":"(anonymous_1)","decl":{"start":{"line":3,"column":27},"end":{"line":3,"column":28}},"loc":{"start":{"line":3,"column":52},"end":{"line":9,"column":1}}}},"branchMap":{},"s":{"0":1,"1":1,"2":0,"3":0,"4":1},"f":{"0":0},"b":{}}
,"C:\\Users\\adria\\OneDrive\\Documentos\\Full Stack Node.js React TS NestJS Next.js Creando Proyectos\\CashTracker\\backend\\src\\utils\\token.ts": {"path":"C:\\Users\\adria\\OneDrive\\Documentos\\Full Stack Node.js React TS NestJS Next.js Creando Proyectos\\CashTracker\\backend\\src\\utils\\token.ts","statementMap":{"0":{"start":{"line":1,"column":29},"end":{"line":1,"column":89}},"1":{"start":{"line":1,"column":35},"end":{"line":1,"column":89}},"2":{"start":{"line":1,"column":13},"end":{"line":1,"column":29}}},"fnMap":{"0":{"name":"(anonymous_0)","decl":{"start":{"line":1,"column":29},"end":{"line":1,"column":32}},"loc":{"start":{"line":1,"column":35},"end":{"line":1,"column":89}}}},"branchMap":{},"s":{"0":1,"1":0,"2":1},"f":{"0":0},"b":{}}
}
