TN:
SF:src\server.ts
FNF:0
FNH:0
DA:1,1
DA:2,1
DA:3,1
DA:4,1
DA:5,1
DA:6,1
DA:9,1
DA:11,1
DA:12,1
DA:14,1
DA:16,1
DA:17,1
DA:19,1
LF:13
LH:13
BRF:0
BRH:0
end_of_record
TN:
SF:src\config\db.ts
FN:13,(anonymous_0)
FN:22,(anonymous_1)
FNF:2
FNH:1
FNDA:0,(anonymous_0)
FNDA:2,(anonymous_1)
DA:1,1
DA:2,1
DA:6,1
DA:13,0
DA:22,1
DA:23,2
DA:24,2
DA:25,2
DA:33,1
LF:9
LH:8
BRDA:12,0,0,0
BRDA:12,0,1,1
BRF:2
BRH:1
end_of_record
TN:
SF:src\config\limit.ts
FNF:0
FNH:0
DA:3,1
DA:5,1
LF:2
LH:2
BRDA:7,0,0,0
BRDA:7,0,1,1
BRF:2
BRH:1
end_of_record
TN:
SF:src\config\nodemailer.ts
FN:4,(anonymous_1)
FNF:1
FNH:1
FNDA:2,(anonymous_1)
DA:1,2
DA:2,2
DA:4,2
DA:5,2
DA:15,2
LF:5
LH:5
BRF:0
BRH:0
end_of_record
TN:
SF:src\controllers\AuthController.ts
FN:11,(anonymous_1)
FN:47,(anonymous_2)
FN:64,(anonymous_3)
FN:92,(anonymous_4)
FN:115,(anonymous_5)
FN:127,(anonymous_6)
FN:144,(anonymous_7)
FN:148,(anonymous_8)
FN:171,(anonymous_9)
FNF:9
FNH:3
FNDA:5,(anonymous_1)
FNDA:2,(anonymous_2)
FNDA:13,(anonymous_3)
FNDA:0,(anonymous_4)
FNDA:0,(anonymous_5)
FNDA:0,(anonymous_6)
FNDA:0,(anonymous_7)
FNDA:0,(anonymous_8)
FNDA:0,(anonymous_9)
DA:2,2
DA:3,2
DA:4,2
DA:5,2
DA:6,2
DA:11,2
DA:13,5
DA:15,5
DA:16,5
DA:17,3
DA:18,3
DA:19,3
DA:22,2
DA:23,2
DA:24,2
DA:25,2
DA:26,2
DA:28,2
DA:29,2
DA:32,2
DA:38,2
DA:39,2
DA:42,0
DA:43,0
DA:47,2
DA:49,2
DA:50,2
DA:52,2
DA:53,1
DA:54,1
DA:55,1
DA:58,1
DA:59,1
DA:60,1
DA:61,1
DA:64,2
DA:66,13
DA:68,13
DA:69,13
DA:70,2
DA:71,2
DA:72,2
DA:75,11
DA:76,3
DA:77,3
DA:78,3
DA:81,8
DA:82,8
DA:83,1
DA:84,1
DA:85,1
DA:88,7
DA:89,7
DA:92,2
DA:94,0
DA:96,0
DA:97,0
DA:98,0
DA:99,0
DA:100,0
DA:103,0
DA:104,0
DA:106,0
DA:112,0
DA:115,2
DA:116,0
DA:118,0
DA:119,0
DA:120,0
DA:121,0
DA:122,0
DA:124,0
DA:127,2
DA:128,0
DA:129,0
DA:131,0
DA:132,0
DA:133,0
DA:134,0
DA:135,0
DA:138,0
DA:139,0
DA:140,0
DA:141,0
DA:144,2
DA:145,0
DA:148,2
DA:149,0
DA:150,0
DA:152,0
DA:153,0
DA:154,0
DA:155,0
DA:158,0
DA:159,0
DA:160,0
DA:161,0
DA:162,0
DA:165,0
DA:166,0
DA:167,0
DA:171,2
DA:172,0
DA:173,0
DA:175,0
DA:176,0
DA:177,0
DA:178,0
DA:181,0
DA:182,0
DA:183,0
DA:184,0
DA:185,0
DA:188,0
DA:193,2
LF:115
LH:58
BRDA:16,0,0,3
BRDA:28,1,0,2
BRDA:52,2,0,1
BRDA:69,3,0,2
BRDA:75,4,0,3
BRDA:82,5,0,1
BRDA:97,6,0,0
BRDA:119,7,0,0
BRDA:132,8,0,0
BRDA:152,9,0,0
BRDA:159,10,0,0
BRDA:175,11,0,0
BRDA:182,12,0,0
BRF:13
BRH:6
end_of_record
TN:
SF:src\controllers\BudgetController.ts
FN:7,(anonymous_1)
FN:24,(anonymous_2)
FN:37,(anonymous_3)
FN:44,(anonymous_4)
FN:49,(anonymous_5)
FNF:5
FNH:5
FNDA:5,(anonymous_1)
FNDA:3,(anonymous_2)
FNDA:4,(anonymous_3)
FNDA:2,(anonymous_4)
FNDA:2,(anonymous_5)
DA:2,2
DA:3,2
DA:7,2
DA:8,5
DA:9,5
DA:17,4
DA:20,1
DA:24,2
DA:25,3
DA:26,3
DA:27,2
DA:28,2
DA:29,2
DA:33,1
DA:37,2
DA:38,4
DA:41,4
DA:44,2
DA:45,2
DA:46,2
DA:49,2
DA:50,2
DA:51,2
DA:55,2
LF:24
LH:24
BRF:0
BRH:0
end_of_record
TN:
SF:src\controllers\ExpenseController.ts
FN:7,(anonymous_1)
FN:22,(anonymous_2)
FN:26,(anonymous_3)
FN:31,(anonymous_4)
FNF:4
FNH:4
FNDA:2,(anonymous_1)
FNDA:1,(anonymous_2)
FNDA:1,(anonymous_3)
FNDA:1,(anonymous_4)
DA:2,2
DA:4,2
DA:7,2
DA:8,2
DA:10,2
DA:11,1
DA:12,1
DA:14,1
DA:17,1
DA:18,1
DA:22,2
DA:23,1
DA:26,2
DA:27,1
DA:28,1
DA:31,2
DA:32,1
DA:33,1
LF:18
LH:18
BRF:0
BRH:0
end_of_record
TN:
SF:src\emails\AuthEmail.ts
FN:10,(anonymous_0)
FN:23,(anonymous_1)
FNF:2
FNH:1
FNDA:1,(anonymous_0)
FNDA:0,(anonymous_1)
DA:1,2
DA:10,2
DA:11,1
DA:23,2
DA:24,0
DA:38,2
LF:6
LH:5
BRF:0
BRH:0
end_of_record
TN:
SF:src\middlewares\auth.ts
FN:13,(anonymous_1)
FNF:1
FNH:1
FNDA:16,(anonymous_1)
DA:2,1
DA:3,1
DA:13,1
DA:14,16
DA:15,16
DA:16,5
DA:17,5
DA:18,5
DA:21,11
DA:22,11
DA:23,11
DA:24,10
DA:25,10
DA:28,10
DA:31,10
DA:34,1
LF:16
LH:16
BRDA:15,0,0,5
BRDA:24,1,0,10
BRDA:24,2,0,10
BRDA:24,2,1,10
BRF:4
BRH:4
end_of_record
TN:
SF:src\middlewares\budget.ts
FN:5,(anonymous_1)
FN:10,(anonymous_2)
FN:32,(anonymous_3)
FN:50,(anonymous_4)
FN:58,(anonymous_5)
FN:66,(anonymous_6)
FNF:6
FNH:6
FNDA:7,(anonymous_1)
FNDA:7,(anonymous_2)
FNDA:9,(anonymous_3)
FNDA:4,(anonymous_4)
FNDA:4,(anonymous_5)
FNDA:7,(anonymous_6)
DA:2,3
DA:3,3
DA:5,3
DA:7,7
DA:10,7
DA:14,7
DA:16,7
DA:17,1
DA:18,1
DA:21,6
DA:32,3
DA:33,9
DA:34,9
DA:35,9
DA:37,8
DA:38,3
DA:39,3
DA:40,3
DA:42,5
DA:43,5
DA:46,1
DA:50,3
DA:52,4
DA:56,4
DA:58,4
DA:62,4
DA:66,3
DA:67,7
DA:68,2
DA:69,2
DA:70,2
DA:72,5
LF:32
LH:32
BRDA:16,0,0,1
BRDA:37,1,0,3
BRDA:67,2,0,2
BRF:3
BRH:3
end_of_record
TN:
SF:src\middlewares\expenses.ts
FN:6,(anonymous_1)
FN:11,(anonymous_2)
FN:25,(anonymous_3)
FN:33,(anonymous_4)
FN:49,(anonymous_5)
FNF:5
FNH:1
FNDA:0,(anonymous_1)
FNDA:0,(anonymous_2)
FNDA:0,(anonymous_3)
FNDA:0,(anonymous_4)
FNDA:3,(anonymous_5)
DA:2,2
DA:3,2
DA:6,2
DA:8,0
DA:11,0
DA:15,0
DA:17,0
DA:18,0
DA:19,0
DA:22,0
DA:25,2
DA:27,0
DA:31,0
DA:33,0
DA:37,0
DA:49,2
DA:50,3
DA:51,3
DA:52,3
DA:54,2
DA:55,1
DA:56,1
DA:57,1
DA:60,1
DA:61,1
DA:65,1
LF:26
LH:15
BRDA:17,0,0,0
BRDA:54,1,0,1
BRF:2
BRH:1
end_of_record
TN:
SF:src\middlewares\validation.ts
FN:4,(anonymous_0)
FNF:1
FNH:1
FNDA:23,(anonymous_0)
DA:2,1
DA:4,1
DA:6,23
DA:7,23
DA:8,6
DA:9,6
DA:12,17
LF:7
LH:7
BRDA:7,0,0,6
BRF:1
BRH:1
end_of_record
TN:
SF:src\models\Budget.ts
FN:21,(anonymous_3)
FN:27,(anonymous_4)
FN:30,(anonymous_5)
FNF:3
FNH:3
FNDA:3,(anonymous_3)
FNDA:2,(anonymous_4)
FNDA:3,(anonymous_5)
DA:2,3
DA:3,3
DA:4,3
DA:10,3
DA:14,3
DA:19,3
DA:21,3
DA:25,3
DA:27,2
DA:28,3
DA:30,3
DA:31,3
DA:34,3
LF:13
LH:13
BRF:0
BRH:0
end_of_record
TN:
SF:src\models\Expense.ts
FN:21,(anonymous_3)
FN:24,(anonymous_4)
FNF:2
FNH:2
FNDA:2,(anonymous_3)
FNDA:2,(anonymous_4)
DA:1,3
DA:2,3
DA:8,3
DA:13,3
DA:19,3
DA:21,2
DA:22,3
DA:24,2
DA:25,3
DA:28,3
LF:10
LH:10
BRF:0
BRH:0
end_of_record
TN:
SF:src\models\User.ts
FN:40,(anonymous_3)
FNF:1
FNH:1
FNDA:2,(anonymous_3)
DA:1,3
DA:2,3
DA:8,3
DA:14,3
DA:20,3
DA:27,3
DA:32,3
DA:38,3
DA:40,2
DA:44,3
DA:47,3
LF:11
LH:11
BRF:0
BRH:0
end_of_record
TN:
SF:src\routes\AuthRoutes.ts
FNF:0
FNH:0
DA:1,1
DA:2,1
DA:3,1
DA:4,1
DA:5,1
DA:6,1
DA:8,1
DA:11,1
DA:13,1
DA:24,1
DA:32,1
DA:41,1
DA:48,1
DA:55,1
DA:64,1
DA:69,1
DA:79,1
DA:87,1
LF:18
LH:18
BRF:0
BRH:0
end_of_record
TN:
SF:src\routes\BudgetRoutes.ts
FNF:0
FNH:0
DA:1,1
DA:2,1
DA:4,1
DA:5,1
DA:6,1
DA:7,1
DA:8,1
DA:10,1
DA:13,1
DA:16,1
DA:17,1
DA:18,1
DA:20,1
DA:21,1
DA:24,1
DA:27,1
DA:34,1
DA:37,1
DA:44,1
DA:49,1
DA:56,1
DA:61,1
DA:68,1
DA:72,1
LF:24
LH:24
BRF:0
BRH:0
end_of_record
TN:
SF:src\test\mocks\budget.ts
FNF:0
FNH:0
DA:1,3
LF:1
LH:1
BRF:0
BRH:0
end_of_record
TN:
SF:src\test\mocks\expenses.ts
FNF:0
FNH:0
DA:1,2
LF:1
LH:1
BRF:0
BRH:0
end_of_record
TN:
SF:src\utils\bcrypt.ts
FN:3,(anonymous_1)
FN:8,(anonymous_2)
FNF:2
FNH:2
FNDA:1,(anonymous_1)
FNDA:5,(anonymous_2)
DA:1,2
DA:3,2
DA:4,1
DA:5,1
DA:8,2
DA:9,5
LF:6
LH:6
BRF:0
BRH:0
end_of_record
TN:
SF:src\utils\jwt.ts
FN:3,(anonymous_1)
FNF:1
FNH:1
FNDA:5,(anonymous_1)
DA:1,2
DA:3,2
DA:4,5
DA:8,5
LF:4
LH:4
BRF:0
BRH:0
end_of_record
TN:
SF:src\utils\token.ts
FN:1,(anonymous_0)
FNF:1
FNH:1
FNDA:1,(anonymous_0)
DA:1,2
LF:1
LH:1
BRF:0
BRH:0
end_of_record
