TN:
SF:src\config\nodemailer.ts
FN:4,(anonymous_1)
FNF:1
FNH:1
FNDA:1,(anonymous_1)
DA:1,1
DA:2,1
DA:4,1
DA:5,1
DA:15,1
LF:5
LH:5
BRF:0
BRH:0
end_of_record
TN:
SF:src\controllers\AuthController.ts
FN:11,(anonymous_1)
FN:42,(anonymous_2)
FN:59,(anonymous_3)
FN:87,(anonymous_4)
FN:110,(anonymous_5)
FN:122,(anonymous_6)
FN:139,(anonymous_7)
FN:143,(anonymous_8)
FN:166,(anonymous_9)
FNF:9
FNH:2
FNDA:2,(anonymous_1)
FNDA:0,(anonymous_2)
FNDA:3,(anonymous_3)
FNDA:0,(anonymous_4)
FNDA:0,(anonymous_5)
FNDA:0,(anonymous_6)
FNDA:0,(anonymous_7)
FNDA:0,(anonymous_8)
FNDA:0,(anonymous_9)
DA:2,1
DA:3,1
DA:4,1
DA:5,1
DA:6,1
DA:11,1
DA:13,2
DA:15,2
DA:16,2
DA:17,1
DA:18,1
DA:19,1
DA:22,1
DA:23,1
DA:24,1
DA:25,1
DA:27,1
DA:33,1
DA:34,1
DA:37,0
DA:38,0
DA:42,1
DA:44,0
DA:45,0
DA:47,0
DA:48,0
DA:49,0
DA:50,0
DA:53,0
DA:54,0
DA:55,0
DA:56,0
DA:59,1
DA:61,3
DA:63,3
DA:64,3
DA:65,1
DA:66,1
DA:67,1
DA:70,2
DA:71,1
DA:72,1
DA:73,1
DA:76,1
DA:77,1
DA:78,0
DA:79,0
DA:80,0
DA:83,1
DA:84,1
DA:87,1
DA:89,0
DA:91,0
DA:92,0
DA:93,0
DA:94,0
DA:95,0
DA:98,0
DA:99,0
DA:101,0
DA:107,0
DA:110,1
DA:111,0
DA:113,0
DA:114,0
DA:115,0
DA:116,0
DA:117,0
DA:119,0
DA:122,1
DA:123,0
DA:124,0
DA:126,0
DA:127,0
DA:128,0
DA:129,0
DA:130,0
DA:133,0
DA:134,0
DA:135,0
DA:136,0
DA:139,1
DA:140,0
DA:143,1
DA:144,0
DA:145,0
DA:147,0
DA:148,0
DA:149,0
DA:150,0
DA:153,0
DA:154,0
DA:155,0
DA:156,0
DA:157,0
DA:160,0
DA:161,0
DA:162,0
DA:166,1
DA:167,0
DA:168,0
DA:170,0
DA:171,0
DA:172,0
DA:173,0
DA:176,0
DA:177,0
DA:178,0
DA:179,0
DA:180,0
DA:183,0
DA:188,1
LF:112
LH:42
BRDA:16,0,0,1
BRDA:47,1,0,0
BRDA:64,2,0,1
BRDA:70,3,0,1
BRDA:77,4,0,0
BRDA:92,5,0,0
BRDA:114,6,0,0
BRDA:127,7,0,0
BRDA:147,8,0,0
BRDA:154,9,0,0
BRDA:170,10,0,0
BRDA:177,11,0,0
BRF:12
BRH:3
end_of_record
TN:
SF:src\controllers\BudgetController.ts
FN:7,(anonymous_1)
FN:24,(anonymous_2)
FN:37,(anonymous_3)
FN:44,(anonymous_4)
FN:49,(anonymous_5)
FNF:5
FNH:5
FNDA:4,(anonymous_1)
FNDA:2,(anonymous_2)
FNDA:3,(anonymous_3)
FNDA:1,(anonymous_4)
FNDA:1,(anonymous_5)
DA:2,1
DA:3,1
DA:7,1
DA:8,4
DA:9,4
DA:17,3
DA:20,1
DA:24,1
DA:25,2
DA:26,2
DA:27,1
DA:28,1
DA:29,1
DA:33,1
DA:37,1
DA:38,3
DA:41,3
DA:44,1
DA:45,1
DA:46,1
DA:49,1
DA:50,1
DA:51,1
DA:55,1
LF:24
LH:24
BRF:0
BRH:0
end_of_record
TN:
SF:src\controllers\ExpenseController.ts
FN:7,(anonymous_1)
FN:22,(anonymous_2)
FN:26,(anonymous_3)
FN:31,(anonymous_4)
FNF:4
FNH:4
FNDA:2,(anonymous_1)
FNDA:1,(anonymous_2)
FNDA:1,(anonymous_3)
FNDA:1,(anonymous_4)
DA:2,1
DA:4,1
DA:7,1
DA:8,2
DA:10,2
DA:11,1
DA:12,1
DA:14,1
DA:17,1
DA:18,1
DA:22,1
DA:23,1
DA:26,1
DA:27,1
DA:28,1
DA:31,1
DA:32,1
DA:33,1
LF:18
LH:18
BRF:0
BRH:0
end_of_record
TN:
SF:src\emails\AuthEmail.ts
FN:10,(anonymous_0)
FN:23,(anonymous_1)
FNF:2
FNH:0
FNDA:0,(anonymous_0)
FNDA:0,(anonymous_1)
DA:1,1
DA:10,1
DA:11,0
DA:23,1
DA:24,0
DA:38,1
LF:6
LH:4
BRF:0
BRH:0
end_of_record
TN:
SF:src\middlewares\budget.ts
FN:5,(anonymous_1)
FN:10,(anonymous_2)
FN:32,(anonymous_3)
FN:50,(anonymous_4)
FN:58,(anonymous_5)
FN:66,(anonymous_6)
FNF:6
FNH:2
FNDA:0,(anonymous_1)
FNDA:0,(anonymous_2)
FNDA:3,(anonymous_3)
FNDA:0,(anonymous_4)
FNDA:0,(anonymous_5)
FNDA:3,(anonymous_6)
DA:2,2
DA:3,2
DA:5,2
DA:7,0
DA:10,0
DA:14,0
DA:16,0
DA:17,0
DA:18,0
DA:21,0
DA:32,2
DA:33,3
DA:34,3
DA:35,3
DA:37,2
DA:38,1
DA:39,1
DA:40,1
DA:42,1
DA:43,1
DA:46,1
DA:50,2
DA:52,0
DA:56,0
DA:58,0
DA:62,0
DA:66,2
DA:67,3
DA:68,2
DA:69,2
DA:70,2
DA:72,1
LF:32
LH:21
BRDA:16,0,0,0
BRDA:37,1,0,1
BRDA:67,2,0,2
BRF:3
BRH:2
end_of_record
TN:
SF:src\middlewares\expenses.ts
FN:6,(anonymous_1)
FN:11,(anonymous_2)
FN:25,(anonymous_3)
FN:33,(anonymous_4)
FN:49,(anonymous_5)
FNF:5
FNH:1
FNDA:0,(anonymous_1)
FNDA:0,(anonymous_2)
FNDA:0,(anonymous_3)
FNDA:0,(anonymous_4)
FNDA:3,(anonymous_5)
DA:2,1
DA:3,1
DA:6,1
DA:8,0
DA:11,0
DA:15,0
DA:17,0
DA:18,0
DA:19,0
DA:22,0
DA:25,1
DA:27,0
DA:31,0
DA:33,0
DA:37,0
DA:49,1
DA:50,3
DA:51,3
DA:52,3
DA:54,2
DA:55,1
DA:56,1
DA:57,1
DA:60,1
DA:61,1
DA:65,1
LF:26
LH:15
BRDA:17,0,0,0
BRDA:54,1,0,1
BRF:2
BRH:1
end_of_record
TN:
SF:src\models\Budget.ts
FN:21,(anonymous_3)
FN:27,(anonymous_4)
FN:30,(anonymous_5)
FNF:3
FNH:0
FNDA:0,(anonymous_3)
FNDA:0,(anonymous_4)
FNDA:0,(anonymous_5)
DA:2,2
DA:3,2
DA:4,2
DA:10,2
DA:14,2
DA:19,2
DA:21,0
DA:25,2
DA:27,0
DA:28,2
DA:30,0
DA:31,2
DA:34,2
LF:13
LH:10
BRF:0
BRH:0
end_of_record
TN:
SF:src\models\Expense.ts
FN:21,(anonymous_3)
FN:24,(anonymous_4)
FNF:2
FNH:0
FNDA:0,(anonymous_3)
FNDA:0,(anonymous_4)
DA:1,2
DA:2,2
DA:8,2
DA:13,2
DA:19,2
DA:21,0
DA:22,2
DA:24,0
DA:25,2
DA:28,2
LF:10
LH:8
BRF:0
BRH:0
end_of_record
TN:
SF:src\models\User.ts
FN:40,(anonymous_3)
FNF:1
FNH:0
FNDA:0,(anonymous_3)
DA:1,2
DA:2,2
DA:8,2
DA:14,2
DA:20,2
DA:27,2
DA:32,2
DA:38,2
DA:40,0
DA:44,2
DA:47,2
LF:11
LH:10
BRF:0
BRH:0
end_of_record
TN:
SF:src\test\mocks\budget.ts
FNF:0
FNH:0
DA:1,3
LF:1
LH:1
BRF:0
BRH:0
end_of_record
TN:
SF:src\test\mocks\expenses.ts
FNF:0
FNH:0
DA:1,2
LF:1
LH:1
BRF:0
BRH:0
end_of_record
TN:
SF:src\utils\bcrypt.ts
FN:3,(anonymous_1)
FN:8,(anonymous_2)
FNF:2
FNH:0
FNDA:0,(anonymous_1)
FNDA:0,(anonymous_2)
DA:1,1
DA:3,1
DA:4,0
DA:5,0
DA:8,1
DA:9,0
LF:6
LH:3
BRF:0
BRH:0
end_of_record
TN:
SF:src\utils\jwt.ts
FN:3,(anonymous_1)
FNF:1
FNH:0
FNDA:0,(anonymous_1)
DA:1,1
DA:3,1
DA:4,0
DA:8,0
LF:4
LH:2
BRF:0
BRH:0
end_of_record
TN:
SF:src\utils\token.ts
FN:1,(anonymous_0)
FNF:1
FNH:0
FNDA:0,(anonymous_0)
DA:1,1
LF:1
LH:1
BRF:0
BRH:0
end_of_record
